#
# A fatal error has been detected by the Java Runtime Environment:
#
#  EXCEPTION_ACCESS_VIOLATION (0xc0000005) at pc=0x00007ffa02565b61, pid=27504, tid=13256
#
# JRE version: Java(TM) SE Runtime Environment (17.0.10+11) (build 17.0.10+11-LTS-240)
# Java VM: Java HotSpot(TM) 64-Bit Server VM (17.0.10+11-LTS-240, mixed mode, sharing, tiered, compressed oops, compressed class ptrs, g1 gc, windows-amd64)
# Problematic frame:
# V  [jvm.dll+0x305b61]
#
# No core dump will be written. Minidumps are not enabled by default on client versions of Windows
#
# If you would like to submit a bug report, please visit:
#   https://bugreport.java.com/bugreport/crash.jsp
#

---------------  S U M M A R Y ------------

Command Line: -Dclassworlds.conf=C:\Users\SidaouiMohamedAmine\.m2\wrapper\dists\apache-maven-3.9.5-bin\2adeog8mj13csp1uusqnc1f2mo\apache-maven-3.9.5\bin\m2.conf -Dmaven.home=C:\Users\SidaouiMohamedAmine\.m2\wrapper\dists\apache-maven-3.9.5-bin\2adeog8mj13csp1uusqnc1f2mo\apache-maven-3.9.5 -Dlibrary.jansi.path=C:\Users\SidaouiMohamedAmine\.m2\wrapper\dists\apache-maven-3.9.5-bin\2adeog8mj13csp1uusqnc1f2mo\apache-maven-3.9.5\lib\jansi-native -Dmaven.multiModuleProjectDirectory=C:\Projects\employee-managment-system-microservice-fullstack-project\backend-side\contract-service org.codehaus.plexus.classworlds.launcher.Launcher clean package -DskipTests

Host: 12th Gen Intel(R) Core(TM) i5-12500H, 16 cores, 31G,  Windows 11 , 64 bit Build 26100 (10.0.26100.8521)
Time: Wed Jun 24 17:15:40 2026 W. Central Africa Standard Time elapsed time: 3.400312 seconds (0d 0h 0m 3s)

---------------  T H R E A D  ---------------

Current thread (0x0000029b60a9ac50):  GCTaskThread "GC Thread#1" [stack: 0x000000c087700000,0x000000c087800000] [id=13256]

Stack: [0x000000c087700000,0x000000c087800000],  sp=0x000000c0877ff6d0,  free space=1021k
Native frames: (J=compiled Java code, j=interpreted, Vv=VM code, C=native code)
V  [jvm.dll+0x305b61]
V  [jvm.dll+0x3027fe]
V  [jvm.dll+0x311033]
V  [jvm.dll+0x312f1b]
V  [jvm.dll+0x31164d]
V  [jvm.dll+0x312aba]
V  [jvm.dll+0x2dd4a3]
V  [jvm.dll+0x2ded6b]
V  [jvm.dll+0x8067ab]
V  [jvm.dll+0x8067f6]
V  [jvm.dll+0x78888a]
V  [jvm.dll+0x676935]
C  [ucrtbase.dll+0x2cd30]
C  [KERNEL32.DLL+0x2e957]
C  [ntdll.dll+0x87c1c]


siginfo: EXCEPTION_ACCESS_VIOLATION (0xc0000005), reading address 0x000005a70436039c


Registers:
RAX=0x0000029b708ac852, RBX=0x00000006085a79b9, RCX=0x0000000000000016, RDX=0x0000000000001821
RSP=0x000000c0877ff6d0, RBP=0x0000000000000416, RSI=0x00000006085a79b8, RDI=0x0000029b6561f520
R8 =0x00000185c9d59da5, R9 =0x00007ffa02260000, R10=0x00000006088c2a50, R11=0x00007ffa404115b5
R12=0x000000c0877ff930, R13=0x0000029b7081b730, R14=0x0000000000000040, R15=0x0000000000000000
RIP=0x00007ffa02565b61, EFLAGS=0x0000000000010207


Register to memory mapping:

RIP=0x00007ffa02565b61 jvm.dll
RAX=0x0000029b708ac852 points into unknown readable memory: 00 00 00 00 00 00
RBX=0x00000006085a79b9 is pointing into object: jdk.nio.zipfs.ZipFileSystem$IndexNode 
{0x00000006085a79a0} - klass: 'jdk/nio/zipfs/ZipFileSystem$IndexNode'
 - ---- fields (total size 5 words):
 - 'hashcode' 'I' @12  1750016049 (684f2031)
 - 'pos' 'I' @16  15309 (3bcd)
 - 'isdir' 'Z' @20  false
 - 'name' '[B' @24  
[error occurred during error reporting (printing register info), id 0xc0000005, EXCEPTION_ACCESS_VIOLATION (0xc0000005) at pc=0x00007ffa025ef04e]

Top of Stack: (sp=0x000000c0877ff6d0)
0x000000c0877ff6d0:   0000000608be0000 0000000000000100
0x000000c0877ff6e0:   0000029b00000000 0000000000000009
0x000000c0877ff6f0:   0000029b7991d3c0 0000000000000001
0x000000c0877ff700:   0000000000000040 000000c0877ff930
0x000000c0877ff710:   0000000607679400 00007ffa025627fe
0x000000c0877ff720:   0000000607679400 0000029b6561f520
0x000000c0877ff730:   0000029b7081b730 0000029b7991d3c0
0x000000c0877ff740:   000000000205f06d 0000000000000000
0x000000c0877ff750:   000000c0877ff930 0000000607679400
0x000000c0877ff760:   0000000607679628 00007ffa02571033
0x000000c0877ff770:   0000000607679400 000000c0877ff790
0x000000c0877ff780:   000000c0877ff7a0 000000c0877ff930
0x000000c0877ff790:   0000000607679400 0000000000000040
0x000000c0877ff7a0:   00007ffa02b5eeb8 0000000000000000
0x000000c0877ff7b0:   0000029b70815900 0000029b6561f520
0x000000c0877ff7c0:   0000029b7991d400 00007ffa02572f1b 

Instructions: (pc=0x00007ffa02565b61)
0x00007ffa02565a61:   00 00 0f 85 61 02 00 00 8b 86 00 01 00 00 f6 c3
0x00007ffa02565a71:   01 0f 84 2f 01 00 00 8b 0d 3a a8 79 00 48 8d 73
0x00007ffa02565a81:   ff 48 8b 47 08 44 8b 16 49 d3 e2 4c 03 15 1d a8
0x00007ffa02565a91:   79 00 8b 88 90 05 00 00 49 8b d2 48 8b 80 80 05
0x00007ffa02565aa1:   00 00 48 d3 ea 0f b7 14 50 0f b7 c2 66 c1 e8 08
0x00007ffa02565ab1:   84 c0 0f 88 17 ff ff ff 4d 8b 02 41 0f b6 c0 24
0x00007ffa02565ac1:   03 3c 03 75 1e 44 38 3d 37 25 80 00 74 0f 41 0f
0x00007ffa02565ad1:   b6 c0 24 07 3c 05 75 05 4d 8b c7 eb 17 49 83 e0
0x00007ffa02565ae1:   fc eb 11 4d 8b c8 48 8b cf 4d 8b c2 e8 6e ee ff
0x00007ffa02565af1:   ff 4c 8b c0 8b 0d bd a7 79 00 49 8b d0 48 2b 15
0x00007ffa02565b01:   ab a7 79 00 48 d3 ea 89 16 49 8b d0 8b 0d 5d 2d
0x00007ffa02565b11:   80 00 48 33 d6 48 d3 ea 48 85 d2 0f 84 ae fe ff
0x00007ffa02565b21:   ff 48 8b 47 08 48 8b d6 8b 88 c0 01 00 00 48 8b
0x00007ffa02565b31:   80 b0 01 00 00 48 d3 ea 48 8b 0c d0 8b 81 94 00
0x00007ffa02565b41:   00 00 d1 e8 a8 01 0f 85 83 fe ff ff 48 8b 47 08
0x00007ffa02565b51:   8b 88 90 05 00 00 48 8b 80 80 05 00 00 49 d3 e8
0x00007ffa02565b61:   46 38 3c 40 0f 84 65 fe ff ff 48 8b 47 60 48 c1
0x00007ffa02565b71:   ee 09 48 8b 58 40 48 8b 48 38 48 03 de 48 2b d9
0x00007ffa02565b81:   48 39 9f b0 01 00 00 0f 84 42 fe ff ff 48 8d 14
0x00007ffa02565b91:   0b 48 8d 4f 18 e8 65 40 00 00 48 89 9f b0 01 00
0x00007ffa02565ba1:   00 e9 29 fe ff ff f6 c3 03 0f 85 09 01 00 00 48
0x00007ffa02565bb1:   8b 47 08 4c 8b 13 49 8b d2 8b 88 90 05 00 00 48
0x00007ffa02565bc1:   8b 80 80 05 00 00 48 d3 ea 0f b7 14 50 0f b7 c2
0x00007ffa02565bd1:   66 c1 e8 08 84 c0 0f 88 f3 fd ff ff 4d 8b 02 41
0x00007ffa02565be1:   0f b6 c0 24 03 3c 03 75 1e 44 38 3d 13 24 80 00
0x00007ffa02565bf1:   74 0f 41 0f b6 c0 24 07 3c 05 75 05 4d 8b c7 eb
0x00007ffa02565c01:   17 49 83 e0 fc eb 11 4d 8b c8 48 8b cf 4d 8b c2
0x00007ffa02565c11:   e8 4a ed ff ff 4c 8b c0 49 8b d0 4c 89 03 8b 0d
0x00007ffa02565c21:   4b 2c 80 00 48 33 d3 48 d3 ea 48 85 d2 0f 84 9c
0x00007ffa02565c31:   fd ff ff 48 8b 47 08 48 8b d3 8b 88 c0 01 00 00
0x00007ffa02565c41:   48 8b 80 b0 01 00 00 48 d3 ea 48 8b 0c d0 8b 81
0x00007ffa02565c51:   94 00 00 00 d1 e8 a8 01 0f 85 71 fd ff ff 48 8b 


Stack slot to memory mapping:
stack at sp + 0 slots: 0x0000000608be0000 is an oop: java.util.LinkedHashMap$Entry 
{0x0000000608be0000} - klass: 'java/util/LinkedHashMap$Entry'
 - ---- fields (total size 5 words):
 - final 'hash' 'I' @12  842016097 (32302561)
 - final 'key' 'Ljava/lang/Object;' @16  a 'jdk/nio/zipfs/ZipFileSystem$IndexNode'{0x0000000608bdab60} (c117b56c)
 - 'value' 'Ljava/lang/Object;' @20  a 'jdk/nio/zipfs/ZipFileSystem$IndexNode'{0x0000000608bdab60} (c117b56c)
 - 'next' 'Ljava/util/HashMap$Node;' @24  NULL (0)
 - 'before' 'Ljava/util/LinkedHashMap$Entry;' @28  a 'java/util/LinkedHashMap$Entry'{0x0000000608be0028} (c117c005)
 - 'after' 'Ljava/util/LinkedHashMap$Entry;' @32  a 'java/util/LinkedHashMap$Entry'{0x0000000608bdb5e0} (c117b6bc)
stack at sp + 1 slots: 0x0000000000000100 is an unknown value
stack at sp + 2 slots: 0x0000029b00000000 points into unknown readable memory: 0x0000000000000017 | 17 00 00 00 00 00 00 00
stack at sp + 3 slots: 0x0000000000000009 is an unknown value
stack at sp + 4 slots: 0x0000029b7991d3c0 points into unknown readable memory: 0xffffffffffffffff | ff ff ff ff ff ff ff ff
stack at sp + 5 slots: 0x0000000000000001 is an unknown value
stack at sp + 6 slots: 0x0000000000000040 is an unknown value
stack at sp + 7 slots: 0x000000c0877ff930 points into unknown readable memory: 0x00007ffa02b5f0a8 | a8 f0 b5 02 fa 7f 00 00


---------------  P R O C E S S  ---------------

Threads class SMR info:
_java_thread_list=0x0000029b65b04000, length=20, elements={
0x0000029b70806460, 0x0000029b7dccce40, 0x0000029b7dccd800, 0x0000029b7dce6470,
0x0000029b7dce6e30, 0x0000029b7dce77f0, 0x0000029b7dce81b0, 0x0000029b6008a060,
0x0000029b7dce8ea0, 0x0000029b6009af10, 0x0000029b6015d100, 0x0000029b6021b0e0,
0x0000029b6021d450, 0x0000029b603a01a0, 0x0000029b605ae7f0, 0x0000029b605af330,
0x0000029b60bc6580, 0x0000029b60bf6490, 0x0000029b60a99b10, 0x0000029b60bec700
}

Java Threads: ( => current thread )
  0x0000029b70806460 JavaThread "main" [_thread_blocked, id=10884, stack(0x000000c085a00000,0x000000c085b00000)]
  0x0000029b7dccce40 JavaThread "Reference Handler" daemon [_thread_blocked, id=24420, stack(0x000000c086100000,0x000000c086200000)]
  0x0000029b7dccd800 JavaThread "Finalizer" daemon [_thread_blocked, id=6648, stack(0x000000c086200000,0x000000c086300000)]
  0x0000029b7dce6470 JavaThread "Signal Dispatcher" daemon [_thread_blocked, id=18616, stack(0x000000c086300000,0x000000c086400000)]
  0x0000029b7dce6e30 JavaThread "Attach Listener" daemon [_thread_blocked, id=28076, stack(0x000000c086400000,0x000000c086500000)]
  0x0000029b7dce77f0 JavaThread "Service Thread" daemon [_thread_blocked, id=17204, stack(0x000000c086500000,0x000000c086600000)]
  0x0000029b7dce81b0 JavaThread "Monitor Deflation Thread" daemon [_thread_blocked, id=23484, stack(0x000000c086600000,0x000000c086700000)]
  0x0000029b6008a060 JavaThread "C2 CompilerThread0" daemon [_thread_blocked, id=28068, stack(0x000000c086700000,0x000000c086800000)]
  0x0000029b7dce8ea0 JavaThread "C1 CompilerThread0" daemon [_thread_blocked, id=20432, stack(0x000000c086800000,0x000000c086900000)]
  0x0000029b6009af10 JavaThread "Sweeper thread" daemon [_thread_blocked, id=3340, stack(0x000000c086900000,0x000000c086a00000)]
  0x0000029b6015d100 JavaThread "C1 CompilerThread1" daemon [_thread_blocked, id=26680, stack(0x000000c086a00000,0x000000c086b00000)]
  0x0000029b6021b0e0 JavaThread "Notification Thread" daemon [_thread_blocked, id=27440, stack(0x000000c086b00000,0x000000c086c00000)]
  0x0000029b6021d450 JavaThread "Common-Cleaner" daemon [_thread_blocked, id=11000, stack(0x000000c086d00000,0x000000c086e00000)]
  0x0000029b603a01a0 JavaThread "C2 CompilerThread1" daemon [_thread_in_native, id=21932, stack(0x000000c086e00000,0x000000c086f00000)]
  0x0000029b605ae7f0 JavaThread "C1 CompilerThread2" daemon [_thread_blocked, id=2496, stack(0x000000c086f00000,0x000000c087000000)]
  0x0000029b605af330 JavaThread "C1 CompilerThread3" daemon [_thread_blocked, id=15996, stack(0x000000c087000000,0x000000c087100000)]
  0x0000029b60bc6580 JavaThread "C2 CompilerThread2" daemon [_thread_blocked, id=15188, stack(0x000000c087100000,0x000000c087200000)]
  0x0000029b60bf6490 JavaThread "C2 CompilerThread3" daemon [_thread_blocked, id=27268, stack(0x000000c087200000,0x000000c087300000)]
  0x0000029b60a99b10 JavaThread "C2 CompilerThread4" daemon [_thread_blocked, id=14536, stack(0x000000c087300000,0x000000c087400000)]
  0x0000029b60bec700 JavaThread "C2 CompilerThread5" daemon [_thread_blocked, id=28220, stack(0x000000c087400000,0x000000c087500000)]

Other Threads:
  0x0000029b7dcc9060 VMThread "VM Thread" [stack: 0x000000c086000000,0x000000c086100000] [id=2140]
  0x0000029b708ccce0 WatcherThread [stack: 0x000000c086c00000,0x000000c086d00000] [id=11428]
  0x0000029b708b2170 GCTaskThread "GC Thread#0" [stack: 0x000000c085b00000,0x000000c085c00000] [id=13940]
=>0x0000029b60a9ac50 GCTaskThread "GC Thread#1" [stack: 0x000000c087700000,0x000000c087800000] [id=13256]
  0x0000029b6586b4a0 GCTaskThread "GC Thread#2" [stack: 0x000000c087800000,0x000000c087900000] [id=27520]
  0x0000029b6586bfa0 GCTaskThread "GC Thread#3" [stack: 0x000000c087900000,0x000000c087a00000] [id=3252]
  0x0000029b6586cd60 GCTaskThread "GC Thread#4" [stack: 0x000000c087a00000,0x000000c087b00000] [id=29292]
  0x0000029b6586caa0 GCTaskThread "GC Thread#5" [stack: 0x000000c087b00000,0x000000c087c00000] [id=4408]
  0x0000029b6586b760 GCTaskThread "GC Thread#6" [stack: 0x000000c087c00000,0x000000c087d00000] [id=13676]
  0x0000029b6586c7e0 GCTaskThread "GC Thread#7" [stack: 0x000000c087d00000,0x000000c087e00000] [id=26952]
  0x0000029b6586ba20 GCTaskThread "GC Thread#8" [stack: 0x000000c087e00000,0x000000c087f00000] [id=27216]
  0x0000029b6586d020 GCTaskThread "GC Thread#9" [stack: 0x000000c087f00000,0x000000c088000000] [id=8044]
  0x0000029b6586bce0 GCTaskThread "GC Thread#10" [stack: 0x000000c088000000,0x000000c088100000] [id=27336]
  0x0000029b6586c260 GCTaskThread "GC Thread#11" [stack: 0x000000c088100000,0x000000c088200000] [id=28700]
  0x0000029b65c90770 GCTaskThread "GC Thread#12" [stack: 0x000000c087500000,0x000000c087600000] [id=16340]
  0x0000029b708c2dd0 ConcurrentGCThread "G1 Main Marker" [stack: 0x000000c085c00000,0x000000c085d00000] [id=23992]
  0x0000029b708c47f0 ConcurrentGCThread "G1 Conc#0" [stack: 0x000000c085d00000,0x000000c085e00000] [id=23996]
  0x0000029b65c901f0 ConcurrentGCThread "G1 Conc#1" [stack: 0x000000c087600000,0x000000c087700000] [id=29480]
  0x0000029b65c92030 ConcurrentGCThread "G1 Conc#2" [stack: 0x000000c088200000,0x000000c088300000] [id=27740]
  0x0000029b7dc03990 ConcurrentGCThread "G1 Refine#0" [stack: 0x000000c085e00000,0x000000c085f00000] [id=26892]
  0x0000029b7dc04260 ConcurrentGCThread "G1 Service" [stack: 0x000000c085f00000,0x000000c086000000] [id=2352]

Threads with active compile tasks:
C2 CompilerThread0     3416 6460       4       com.sun.tools.javac.util.Name::lastIndexOf (42 bytes)
C2 CompilerThread1     3416 6171       4       java.util.Arrays::sort (47 bytes)
C2 CompilerThread2     3416 6360       4       java.util.regex.Pattern::compile (500 bytes)
C2 CompilerThread3     3416 6454       4       com.sun.tools.javac.file.BaseFileManager::getKind (55 bytes)
C2 CompilerThread4     3416 6486       4       jdk.nio.zipfs.ZipPath::getResolved (62 bytes)
C2 CompilerThread5     3416 6359       4       com.sun.tools.javac.util.SharedNameTable::fromUtf (174 bytes)

VM state: at safepoint (normal execution)

VM Mutex/Monitor currently owned by a thread:  ([mutex/lock_event])
[0x0000029b70802490] Threads_lock - owner thread: 0x0000029b7dcc9060
[0x0000029b708022e0] Heap_lock - owner thread: 0x0000029b70806460

Heap address: 0x0000000605c00000, size: 8100 MB, Compressed Oops mode: Zero based, Oop shift amount: 3

CDS archive(s) mapped at: [0x0000029b1f000000-0x0000029b1fbd0000-0x0000029b1fbd0000), size 12386304, SharedBaseAddress: 0x0000029b1f000000, ArchiveRelocationMode: 1.
Compressed class space mapped at: 0x0000029b20000000-0x0000029b60000000, reserved size: 1073741824
Narrow klass base: 0x0000029b1f000000, Narrow klass shift: 0, Narrow klass range: 0x100000000

GC Precious Log:
 CPUs: 16 total, 16 available
 Memory: 32388M
 Large Page Support: Disabled
 NUMA Support: Disabled
 Compressed Oops: Enabled (Zero based)
 Heap Region Size: 4M
 Heap Min Capacity: 8M
 Heap Initial Capacity: 508M
 Heap Max Capacity: 8100M
 Pre-touch: Disabled
 Parallel Workers: 13
 Concurrent Workers: 3
 Concurrent Refinement Workers: 13
 Periodic GC: Disabled

Heap:
 garbage-first heap   total 139264K, used 55260K [0x0000000605c00000, 0x0000000800000000)
  region size 4096K, 2 young (8192K), 1 survivors (4096K)
 Metaspace       used 26186K, committed 26496K, reserved 1114112K
  class space    used 2977K, committed 3136K, reserved 1048576K

Heap Regions: E=young(eden), S=young(survivor), O=old, HS=humongous(starts), HC=humongous(continues), CS=collection set, F=free, OA=open archive, CA=closed archive, TAMS=top-at-mark-start (previous, next)
|   0|0x0000000605c00000, 0x0000000606000000, 0x0000000606000000|100%| O|  |TAMS 0x0000000605f8d400, 0x0000000605c00000| Untracked 
|   1|0x0000000606000000, 0x0000000606190000, 0x0000000606400000| 39%| O|CS|TAMS 0x0000000606000000, 0x0000000606000000| Complete 
|   2|0x0000000606400000, 0x0000000606800000, 0x0000000606800000|100%| O|  |TAMS 0x0000000606400000, 0x0000000606400000| Untracked 
|   3|0x0000000606800000, 0x0000000606c00000, 0x0000000606c00000|100%| O|  |TAMS 0x0000000606800000, 0x0000000606800000| Untracked 
|   4|0x0000000606c00000, 0x0000000607000000, 0x0000000607000000|100%| O|  |TAMS 0x0000000606c00000, 0x0000000606c00000| Untracked 
|   5|0x0000000607000000, 0x0000000607400000, 0x0000000607400000|100%| O|  |TAMS 0x0000000607000000, 0x0000000607000000| Untracked 
|   6|0x0000000607400000, 0x0000000607800000, 0x0000000607800000|100%| O|  |TAMS 0x0000000607400000, 0x0000000607400000| Untracked 
|   7|0x0000000607800000, 0x0000000607c00000, 0x0000000607c00000|100%| O|  |TAMS 0x0000000607800000, 0x0000000607800000| Untracked 
|   8|0x0000000607c00000, 0x0000000608000000, 0x0000000608000000|100%| O|  |TAMS 0x0000000607c00000, 0x0000000607c00000| Untracked 
|   9|0x0000000608000000, 0x0000000608400000, 0x0000000608400000|100%| O|  |TAMS 0x0000000608000000, 0x0000000608000000| Untracked 
|  10|0x0000000608400000, 0x0000000608800000, 0x0000000608800000|100%| O|  |TAMS 0x0000000608400000, 0x0000000608400000| Untracked 
|  11|0x0000000608800000, 0x0000000608c00000, 0x0000000608c00000|100%| E|CS|TAMS 0x0000000608800000, 0x0000000608800000| Complete 
|  12|0x0000000608c00000, 0x0000000609000000, 0x0000000609000000|100%| E|CS|TAMS 0x0000000608c00000, 0x0000000608c00000| Complete 
|  13|0x0000000609000000, 0x0000000609400000, 0x0000000609400000|100%| E|CS|TAMS 0x0000000609000000, 0x0000000609000000| Complete 
|  14|0x0000000609400000, 0x0000000609800000, 0x0000000609800000|100%| O|  |TAMS 0x0000000609400000, 0x0000000609400000| Untracked 
|  15|0x0000000609800000, 0x0000000609c00000, 0x0000000609c00000|100%| O|  |TAMS 0x0000000609800000, 0x0000000609800000| Untracked 
|  16|0x0000000609c00000, 0x0000000609d73d80, 0x000000060a000000| 36%| O|  |TAMS 0x0000000609c00000, 0x0000000609c00000| Untracked 
|  17|0x000000060a000000, 0x000000060a000000, 0x000000060a400000|  0%| F|  |TAMS 0x000000060a000000, 0x000000060a000000| Untracked 
|  18|0x000000060a400000, 0x000000060a400000, 0x000000060a800000|  0%| F|  |TAMS 0x000000060a400000, 0x000000060a400000| Untracked 
|  19|0x000000060a800000, 0x000000060a800000, 0x000000060ac00000|  0%| F|  |TAMS 0x000000060a800000, 0x000000060a800000| Untracked 
|  20|0x000000060ac00000, 0x000000060ac00000, 0x000000060b000000|  0%| F|  |TAMS 0x000000060ac00000, 0x000000060ac00000| Untracked 
|  21|0x000000060b000000, 0x000000060b000000, 0x000000060b400000|  0%| F|  |TAMS 0x000000060b000000, 0x000000060b000000| Untracked 
|  22|0x000000060b400000, 0x000000060b400000, 0x000000060b800000|  0%| F|  |TAMS 0x000000060b400000, 0x000000060b400000| Untracked 
|  23|0x000000060b800000, 0x000000060b800000, 0x000000060bc00000|  0%| F|  |TAMS 0x000000060b800000, 0x000000060b800000| Untracked 
|  24|0x000000060bc00000, 0x000000060bc00000, 0x000000060c000000|  0%| F|  |TAMS 0x000000060bc00000, 0x000000060bc00000| Untracked 
|  25|0x000000060c000000, 0x000000060c000000, 0x000000060c400000|  0%| F|  |TAMS 0x000000060c000000, 0x000000060c000000| Untracked 
|  77|0x0000000619000000, 0x0000000619000000, 0x0000000619400000|  0%| F|  |TAMS 0x0000000619000000, 0x0000000619000000| Untracked 
|  78|0x0000000619400000, 0x0000000619400000, 0x0000000619800000|  0%| F|  |TAMS 0x0000000619400000, 0x0000000619400000| Untracked 
|  79|0x0000000619800000, 0x0000000619800000, 0x0000000619c00000|  0%| F|  |TAMS 0x0000000619800000, 0x0000000619800000| Untracked 
|  80|0x0000000619c00000, 0x0000000619c00000, 0x000000061a000000|  0%| F|  |TAMS 0x0000000619c00000, 0x0000000619c00000| Untracked 
|  81|0x000000061a000000, 0x000000061a000000, 0x000000061a400000|  0%| F|  |TAMS 0x000000061a000000, 0x000000061a000000| Untracked 
|  82|0x000000061a400000, 0x000000061a400000, 0x000000061a800000|  0%| F|  |TAMS 0x000000061a400000, 0x000000061a400000| Untracked 
|  83|0x000000061a800000, 0x000000061aace0b0, 0x000000061ac00000| 70%| S|  |TAMS 0x000000061a800000, 0x000000061a800000| Complete 
| 126|0x0000000625400000, 0x0000000625800000, 0x0000000625800000|100%| E|CS|TAMS 0x0000000625400000, 0x0000000625400000| Complete 

Card table byte_map: [0x0000029b79910000,0x0000029b7a8f0000] _byte_map_base: 0x0000029b768e2000

Marking Bits (Prev, Next): (CMBitMap*) 0x0000029b708b27d0, (CMBitMap*) 0x0000029b708b2790
 Prev Bits: [0x0000029b16e90000, 0x0000029b1ed20000)
 Next Bits: [0x0000029b0f000000, 0x0000029b16e90000)

Polling page: 0x0000029b6e9f0000

Metaspace:

Usage:
  Non-class:     22.66 MB used.
      Class:      2.91 MB used.
       Both:     25.57 MB used.

Virtual space:
  Non-class space:       64.00 MB reserved,      22.81 MB ( 36%) committed,  1 nodes.
      Class space:        1.00 GB reserved,       3.06 MB ( <1%) committed,  1 nodes.
             Both:        1.06 GB reserved,      25.88 MB (  2%) committed. 

Chunk freelists:
   Non-Class:  8.27 MB
       Class:  12.91 MB
        Both:  21.17 MB

MaxMetaspaceSize: unlimited
CompressedClassSpaceSize: 1.00 GB
Initial GC threshold: 21.00 MB
Current GC threshold: 35.25 MB
CDS: on
MetaspaceReclaimPolicy: balanced
 - commit_granule_bytes: 65536.
 - commit_granule_words: 8192.
 - virtual_space_node_default_size: 8388608.
 - enlarge_chunks_in_place: 1.
 - new_chunks_are_fully_committed: 0.
 - uncommit_free_chunks: 1.
 - use_allocation_guard: 0.
 - handle_deallocations: 1.


Internal statistics:

num_allocs_failed_limit: 3.
num_arena_births: 166.
num_arena_deaths: 0.
num_vsnodes_births: 2.
num_vsnodes_deaths: 0.
num_space_committed: 414.
num_space_uncommitted: 0.
num_chunks_returned_to_freelist: 3.
num_chunks_taken_from_freelist: 1093.
num_chunk_merges: 3.
num_chunk_splits: 768.
num_chunks_enlarged: 609.
num_inconsistent_stats: 0.

CodeHeap 'non-profiled nmethods': size=119168Kb used=3268Kb max_used=3322Kb free=115899Kb
 bounds [0x0000029b07ba0000, 0x0000029b07f10000, 0x0000029b0f000000]
CodeHeap 'profiled nmethods': size=119104Kb used=12056Kb max_used=12144Kb free=107047Kb
 bounds [0x0000029b00000000, 0x0000029b00c00000, 0x0000029b07450000]
CodeHeap 'non-nmethods': size=7488Kb used=2898Kb max_used=2946Kb free=4589Kb
 bounds [0x0000029b07450000, 0x0000029b07740000, 0x0000029b07ba0000]
 total_blobs=6175 nmethods=5665 adapters=419
 compilation: enabled
              stopped_count=0, restarted_count=0
 full_count=0

Compilation events (20 events):
Event: 3.390 Thread 0x0000029b605ae7f0 nmethod 6481 0x0000029b00b36490 code [0x0000029b00b36620, 0x0000029b00b36738]
Event: 3.390 Thread 0x0000029b605ae7f0 6485       3       com.sun.tools.javac.comp.InferenceContext::free (9 bytes)
Event: 3.390 Thread 0x0000029b7dce8ea0 nmethod 6483 0x0000029b00b36110 code [0x0000029b00b362a0, 0x0000029b00b363b8]
Event: 3.390 Thread 0x0000029b7dce8ea0 6484       3       jdk.nio.zipfs.ZipFileSystem$EntryInputStream::close (20 bytes)
Event: 3.390 Thread 0x0000029b605ae7f0 nmethod 6485 0x0000029b00304490 code [0x0000029b00304640, 0x0000029b00304828]
Event: 3.391 Thread 0x0000029b605ae7f0 6487       1       com.sun.tools.javac.comp.Resolve$ResolveError::exists (2 bytes)
Event: 3.391 Thread 0x0000029b7dce8ea0 nmethod 6484 0x0000029b00304010 code [0x0000029b003041c0, 0x0000029b003043c8]
Event: 3.391 Thread 0x0000029b7dce8ea0 6488       3       com.sun.tools.javac.jvm.ClassReader::skipMember (55 bytes)
Event: 3.391 Thread 0x0000029b605ae7f0 nmethod 6487 0x0000029b07bfa990 code [0x0000029b07bfab20, 0x0000029b07bfabf8]
Event: 3.391 Thread 0x0000029b6015d100 nmethod 6471 0x0000029b00304910 code [0x0000029b00304ce0, 0x0000029b00306778]
Event: 3.391 Thread 0x0000029b605af330 nmethod 6463 0x0000029b00307010 code [0x0000029b00307640, 0x0000029b0030b888]
Event: 3.391 Thread 0x0000029b7dce8ea0 nmethod 6488 0x0000029b00303790 code [0x0000029b00303960, 0x0000029b00303d68]
Event: 3.391 Thread 0x0000029b60a99b10 nmethod 6435 0x0000029b07bfa210 code [0x0000029b07bfa3a0, 0x0000029b07bfa798]
Event: 3.392 Thread 0x0000029b60a99b10 6486       4       jdk.nio.zipfs.ZipPath::getResolved (62 bytes)
Event: 3.392 Thread 0x0000029b605ae7f0 6489       3       com.sun.tools.javac.comp.Annotate::blockAnnotations (11 bytes)
Event: 3.392 Thread 0x0000029b605ae7f0 nmethod 6489 0x0000029b00b35d90 code [0x0000029b00b35f20, 0x0000029b00b36038]
Event: 3.393 Thread 0x0000029b6008a060 nmethod 6361 0x0000029b07c17e90 code [0x0000029b07c18140, 0x0000029b07c19058]
Event: 3.393 Thread 0x0000029b6008a060 6460       4       com.sun.tools.javac.util.Name::lastIndexOf (42 bytes)
Event: 3.393 Thread 0x0000029b6015d100 6491       1       com.sun.tools.javac.code.Type::isErroneous (2 bytes)
Event: 3.393 Thread 0x0000029b6015d100 nmethod 6491 0x0000029b07bf9e90 code [0x0000029b07bfa020, 0x0000029b07bfa0f8]

GC Heap History (11 events):
Event: 0.366 GC heap before
{Heap before GC invocations=0 (full 0):
 garbage-first heap   total 520192K, used 24576K [0x0000000605c00000, 0x0000000800000000)
  region size 4096K, 6 young (24576K), 0 survivors (0K)
 Metaspace       used 5473K, committed 5696K, reserved 1114112K
  class space    used 650K, committed 768K, reserved 1048576K
}
Event: 0.370 GC heap after
{Heap after GC invocations=1 (full 0):
 garbage-first heap   total 520192K, used 3908K [0x0000000605c00000, 0x0000000800000000)
  region size 4096K, 1 young (4096K), 1 survivors (4096K)
 Metaspace       used 5473K, committed 5696K, reserved 1114112K
  class space    used 650K, committed 768K, reserved 1048576K
}
Event: 0.652 GC heap before
{Heap before GC invocations=1 (full 0):
 garbage-first heap   total 520192K, used 28484K [0x0000000605c00000, 0x0000000800000000)
  region size 4096K, 7 young (28672K), 1 survivors (4096K)
 Metaspace       used 8460K, committed 8640K, reserved 1114112K
  class space    used 1014K, committed 1088K, reserved 1048576K
}
Event: 0.655 GC heap after
{Heap after GC invocations=2 (full 0):
 garbage-first heap   total 520192K, used 4970K [0x0000000605c00000, 0x0000000800000000)
  region size 4096K, 1 young (4096K), 1 survivors (4096K)
 Metaspace       used 8460K, committed 8640K, reserved 1114112K
  class space    used 1014K, committed 1088K, reserved 1048576K
}
Event: 1.405 GC heap before
{Heap before GC invocations=2 (full 0):
 garbage-first heap   total 520192K, used 66410K [0x0000000605c00000, 0x0000000800000000)
  region size 4096K, 16 young (65536K), 1 survivors (4096K)
 Metaspace       used 15218K, committed 15360K, reserved 1114112K
  class space    used 1801K, committed 1856K, reserved 1048576K
}
Event: 1.409 GC heap after
{Heap after GC invocations=3 (full 0):
 garbage-first heap   total 520192K, used 11246K [0x0000000605c00000, 0x0000000800000000)
  region size 4096K, 2 young (8192K), 2 survivors (8192K)
 Metaspace       used 15218K, committed 15360K, reserved 1114112K
  class space    used 1801K, committed 1856K, reserved 1048576K
}
Event: 2.901 GC heap before
{Heap before GC invocations=3 (full 0):
 garbage-first heap   total 520192K, used 175086K [0x0000000605c00000, 0x0000000800000000)
  region size 4096K, 43 young (176128K), 2 survivors (8192K)
 Metaspace       used 21229K, committed 21504K, reserved 1114112K
  class space    used 2425K, committed 2560K, reserved 1048576K
}
Event: 2.909 GC heap after
{Heap after GC invocations=4 (full 0):
 garbage-first heap   total 520192K, used 34368K [0x0000000605c00000, 0x0000000800000000)
  region size 4096K, 7 young (28672K), 7 survivors (28672K)
 Metaspace       used 21229K, committed 21504K, reserved 1114112K
  class space    used 2425K, committed 2560K, reserved 1048576K
}
Event: 3.351 GC heap before
{Heap before GC invocations=5 (full 0):
 garbage-first heap   total 139264K, used 87616K [0x0000000605c00000, 0x0000000800000000)
  region size 4096K, 20 young (81920K), 7 survivors (28672K)
 Metaspace       used 26051K, committed 26368K, reserved 1114112K
  class space    used 2966K, committed 3136K, reserved 1048576K
}
Event: 3.363 GC heap after
{Heap after GC invocations=6 (full 0):
 garbage-first heap   total 139264K, used 51164K [0x0000000605c00000, 0x0000000800000000)
  region size 4096K, 3 young (12288K), 3 survivors (12288K)
 Metaspace       used 26051K, committed 26368K, reserved 1114112K
  class space    used 2966K, committed 3136K, reserved 1048576K
}
Event: 3.394 GC heap before
{Heap before GC invocations=6 (full 0):
 garbage-first heap   total 139264K, used 55260K [0x0000000605c00000, 0x0000000800000000)
  region size 4096K, 4 young (16384K), 3 survivors (12288K)
 Metaspace       used 26186K, committed 26496K, reserved 1114112K
  class space    used 2977K, committed 3136K, reserved 1048576K
}

Deoptimization events (20 events):
Event: 3.302 Thread 0x0000029b70806460 Uncommon trap: trap_request=0xffffff45 fr.pc=0x0000029b07da826c relative=0x00000000000015ec
Event: 3.302 Thread 0x0000029b70806460 Uncommon trap: reason=unstable_if action=reinterpret pc=0x0000029b07da826c method=sun.nio.fs.WindowsPathParser.nextNonSlash(Ljava/lang/String;II)I @ 2 c2
Event: 3.302 Thread 0x0000029b70806460 DEOPT PACKING pc=0x0000029b07da826c sp=0x000000c085afcc90
Event: 3.302 Thread 0x0000029b70806460 DEOPT UNPACKING pc=0x0000029b074a23a3 sp=0x000000c085afcc30 mode 2
Event: 3.331 Thread 0x0000029b70806460 Uncommon trap: trap_request=0xffffff45 fr.pc=0x0000029b07dd2bbc relative=0x000000000000013c
Event: 3.331 Thread 0x0000029b70806460 Uncommon trap: reason=unstable_if action=reinterpret pc=0x0000029b07dd2bbc method=jdk.nio.zipfs.ZipPath.getResolved()[B @ 19 c2
Event: 3.331 Thread 0x0000029b70806460 DEOPT PACKING pc=0x0000029b07dd2bbc sp=0x000000c085afc760
Event: 3.331 Thread 0x0000029b70806460 DEOPT UNPACKING pc=0x0000029b074a23a3 sp=0x000000c085afc6e8 mode 2
Event: 3.341 Thread 0x0000029b70806460 Uncommon trap: trap_request=0xffffff45 fr.pc=0x0000029b07bce660 relative=0x0000000000000060
Event: 3.341 Thread 0x0000029b70806460 Uncommon trap: reason=unstable_if action=reinterpret pc=0x0000029b07bce660 method=com.sun.tools.javac.jvm.PoolReader.sizeof(I)I @ 1 c2
Event: 3.341 Thread 0x0000029b70806460 DEOPT PACKING pc=0x0000029b07bce660 sp=0x000000c085afcb40
Event: 3.341 Thread 0x0000029b70806460 DEOPT UNPACKING pc=0x0000029b074a23a3 sp=0x000000c085afcad0 mode 2
Event: 3.343 Thread 0x0000029b70806460 Uncommon trap: trap_request=0xffffff45 fr.pc=0x0000029b07bf3080 relative=0x00000000000008a0
Event: 3.343 Thread 0x0000029b70806460 Uncommon trap: reason=unstable_if action=reinterpret pc=0x0000029b07bf3080 method=jdk.internal.jimage.ImageStringsReader.stringFromByteBuffer(Ljava/nio/ByteBuffer;I)Ljava/lang/String; @ 7 c2
Event: 3.343 Thread 0x0000029b70806460 DEOPT PACKING pc=0x0000029b07bf3080 sp=0x000000c085afc4e0
Event: 3.343 Thread 0x0000029b70806460 DEOPT UNPACKING pc=0x0000029b074a23a3 sp=0x000000c085afc370 mode 2
Event: 3.343 Thread 0x0000029b70806460 Uncommon trap: trap_request=0xffffff45 fr.pc=0x0000029b07bf73f8 relative=0x00000000000007b8
Event: 3.343 Thread 0x0000029b70806460 Uncommon trap: reason=unstable_if action=reinterpret pc=0x0000029b07bf73f8 method=jdk.internal.jimage.ImageStringsReader.stringFromByteBuffer(Ljava/nio/ByteBuffer;I)Ljava/lang/String; @ 7 c2
Event: 3.343 Thread 0x0000029b70806460 DEOPT PACKING pc=0x0000029b07bf73f8 sp=0x000000c085afc350
Event: 3.343 Thread 0x0000029b70806460 DEOPT UNPACKING pc=0x0000029b074a23a3 sp=0x000000c085afc308 mode 2

Classes unloaded (0 events):
No events

Classes redefined (0 events):
No events

Internal exceptions (20 events):
Event: 3.392 Thread 0x0000029b70806460 Exception <a 'sun/nio/fs/WindowsException'{0x00000006257c6618}> (0x00000006257c6618) 
thrown [s\open\src\hotspot\share\prims\jni.cpp, line 516]
Event: 3.392 Thread 0x0000029b70806460 Exception <a 'sun/nio/fs/WindowsException'{0x00000006257c6a88}> (0x00000006257c6a88) 
thrown [s\open\src\hotspot\share\prims\jni.cpp, line 516]
Event: 3.393 Thread 0x0000029b70806460 Exception <a 'sun/nio/fs/WindowsException'{0x00000006257cca98}> (0x00000006257cca98) 
thrown [s\open\src\hotspot\share\prims\jni.cpp, line 516]
Event: 3.393 Thread 0x0000029b70806460 Exception <a 'sun/nio/fs/WindowsException'{0x00000006257cceb8}> (0x00000006257cceb8) 
thrown [s\open\src\hotspot\share\prims\jni.cpp, line 516]
Event: 3.393 Thread 0x0000029b70806460 Exception <a 'sun/nio/fs/WindowsException'{0x00000006257d7620}> (0x00000006257d7620) 
thrown [s\open\src\hotspot\share\prims\jni.cpp, line 516]
Event: 3.393 Thread 0x0000029b70806460 Exception <a 'sun/nio/fs/WindowsException'{0x00000006257d7a88}> (0x00000006257d7a88) 
thrown [s\open\src\hotspot\share\prims\jni.cpp, line 516]
Event: 3.393 Thread 0x0000029b70806460 Exception <a 'sun/nio/fs/WindowsException'{0x00000006257d9300}> (0x00000006257d9300) 
thrown [s\open\src\hotspot\share\prims\jni.cpp, line 516]
Event: 3.393 Thread 0x0000029b70806460 Exception <a 'sun/nio/fs/WindowsException'{0x00000006257d97f0}> (0x00000006257d97f0) 
thrown [s\open\src\hotspot\share\prims\jni.cpp, line 516]
Event: 3.393 Thread 0x0000029b70806460 Exception <a 'sun/nio/fs/WindowsException'{0x00000006257db860}> (0x00000006257db860) 
thrown [s\open\src\hotspot\share\prims\jni.cpp, line 516]
Event: 3.393 Thread 0x0000029b70806460 Exception <a 'sun/nio/fs/WindowsException'{0x00000006257dbce0}> (0x00000006257dbce0) 
thrown [s\open\src\hotspot\share\prims\jni.cpp, line 516]
Event: 3.393 Thread 0x0000029b70806460 Exception <a 'sun/nio/fs/WindowsException'{0x00000006257e1c38}> (0x00000006257e1c38) 
thrown [s\open\src\hotspot\share\prims\jni.cpp, line 516]
Event: 3.393 Thread 0x0000029b70806460 Exception <a 'sun/nio/fs/WindowsException'{0x00000006257e2078}> (0x00000006257e2078) 
thrown [s\open\src\hotspot\share\prims\jni.cpp, line 516]
Event: 3.393 Thread 0x0000029b70806460 Exception <a 'sun/nio/fs/WindowsException'{0x00000006257f2310}> (0x00000006257f2310) 
thrown [s\open\src\hotspot\share\prims\jni.cpp, line 516]
Event: 3.393 Thread 0x0000029b70806460 Exception <a 'sun/nio/fs/WindowsException'{0x00000006257f2790}> (0x00000006257f2790) 
thrown [s\open\src\hotspot\share\prims\jni.cpp, line 516]
Event: 3.393 Thread 0x0000029b70806460 Exception <a 'sun/nio/fs/WindowsException'{0x00000006257f3db8}> (0x00000006257f3db8) 
thrown [s\open\src\hotspot\share\prims\jni.cpp, line 516]
Event: 3.393 Thread 0x0000029b70806460 Exception <a 'sun/nio/fs/WindowsException'{0x00000006257f42c8}> (0x00000006257f42c8) 
thrown [s\open\src\hotspot\share\prims\jni.cpp, line 516]
Event: 3.393 Thread 0x0000029b70806460 Exception <a 'sun/nio/fs/WindowsException'{0x00000006257f6440}> (0x00000006257f6440) 
thrown [s\open\src\hotspot\share\prims\jni.cpp, line 516]
Event: 3.394 Thread 0x0000029b70806460 Exception <a 'sun/nio/fs/WindowsException'{0x00000006257f6910}> (0x00000006257f6910) 
thrown [s\open\src\hotspot\share\prims\jni.cpp, line 516]
Event: 3.394 Thread 0x0000029b70806460 Exception <a 'sun/nio/fs/WindowsException'{0x00000006257fdb78}> (0x00000006257fdb78) 
thrown [s\open\src\hotspot\share\prims\jni.cpp, line 516]
Event: 3.394 Thread 0x0000029b70806460 Exception <a 'sun/nio/fs/WindowsException'{0x00000006257fdff8}> (0x00000006257fdff8) 
thrown [s\open\src\hotspot\share\prims\jni.cpp, line 516]

VM Operations (20 events):
Event: 2.864 Executing VM operation: HandshakeAllThreads done
Event: 2.865 Executing VM operation: HandshakeAllThreads
Event: 2.865 Executing VM operation: HandshakeAllThreads done
Event: 2.901 Executing VM operation: CollectForMetadataAllocation
Event: 2.909 Executing VM operation: CollectForMetadataAllocation done
Event: 2.915 Executing VM operation: G1Concurrent
Event: 2.918 Executing VM operation: G1Concurrent done
Event: 2.919 Executing VM operation: G1Concurrent
Event: 2.931 Executing VM operation: G1Concurrent done
Event: 3.033 Executing VM operation: HandshakeAllThreads
Event: 3.033 Executing VM operation: HandshakeAllThreads done
Event: 3.299 Executing VM operation: HandshakeAllThreads
Event: 3.299 Executing VM operation: HandshakeAllThreads done
Event: 3.333 Executing VM operation: ICBufferFull
Event: 3.333 Executing VM operation: ICBufferFull done
Event: 3.343 Executing VM operation: HandshakeAllThreads
Event: 3.343 Executing VM operation: HandshakeAllThreads done
Event: 3.351 Executing VM operation: G1CollectForAllocation
Event: 3.363 Executing VM operation: G1CollectForAllocation done
Event: 3.394 Executing VM operation: G1CollectForAllocation

Events (20 events):
Event: 3.312 loading class java/util/function/BooleanSupplier
Event: 3.312 loading class java/util/function/BooleanSupplier done
Event: 3.327 loading class java/nio/file/SimpleFileVisitor
Event: 3.327 loading class java/nio/file/SimpleFileVisitor done
Event: 3.327 loading class java/nio/file/FileTreeWalker
Event: 3.327 loading class java/nio/file/FileTreeWalker done
Event: 3.327 loading class java/nio/file/FileTreeWalker$1
Event: 3.327 loading class java/nio/file/FileTreeWalker$1 done
Event: 3.327 loading class java/nio/file/FileTreeWalker$DirectoryNode
Event: 3.328 loading class java/nio/file/FileTreeWalker$DirectoryNode done
Event: 3.328 loading class java/nio/file/FileTreeWalker$Event
Event: 3.328 loading class java/nio/file/FileTreeWalker$Event done
Event: 3.328 loading class java/nio/file/FileTreeWalker$EventType
Event: 3.328 loading class java/nio/file/FileTreeWalker$EventType done
Event: 3.328 loading class java/nio/file/Files$3
Event: 3.328 loading class java/nio/file/Files$3 done
Event: 3.328 loading class java/nio/file/FileVisitResult
Event: 3.328 loading class java/nio/file/FileVisitResult done
Event: 3.343 loading class jdk/internal/jimage/ImageReader$LinkNode
Event: 3.343 loading class jdk/internal/jimage/ImageReader$LinkNode done


Dynamic libraries:
0x00007ff616200000 - 0x00007ff616210000 	C:\Program Files\Java\jdk-17\bin\java.exe
0x00007ffa496e0000 - 0x00007ffa49946000 	C:\WINDOWS\SYSTEM32\ntdll.dll
0x00007ffa48730000 - 0x00007ffa487f9000 	C:\WINDOWS\System32\KERNEL32.DLL
0x00007ffa47050000 - 0x00007ffa4744a000 	C:\WINDOWS\System32\KERNELBASE.dll
0x00007ffa46f00000 - 0x00007ffa4704c000 	C:\WINDOWS\System32\ucrtbase.dll
0x00007ffa40430000 - 0x00007ffa40449000 	C:\Program Files\Java\jdk-17\bin\jli.dll
0x00007ffa40410000 - 0x00007ffa4042b000 	C:\Program Files\Java\jdk-17\bin\VCRUNTIME140.dll
0x00007ffa47c70000 - 0x00007ffa47d26000 	C:\WINDOWS\System32\ADVAPI32.dll
0x00007ffa47a80000 - 0x00007ffa47b29000 	C:\WINDOWS\System32\msvcrt.dll
0x00007ffa493f0000 - 0x00007ffa4949a000 	C:\WINDOWS\System32\sechost.dll
0x00007ffa47450000 - 0x00007ffa47568000 	C:\WINDOWS\System32\RPCRT4.dll
0x00007ffa47d30000 - 0x00007ffa47ef7000 	C:\WINDOWS\System32\USER32.dll
0x00007ffa46cd0000 - 0x00007ffa46cf7000 	C:\WINDOWS\System32\win32u.dll
0x00007ffa45c00000 - 0x00007ffa45e92000 	C:\WINDOWS\WinSxS\amd64_microsoft.windows.common-controls_6595b64144ccf1df_6.0.26100.8521_none_3e08b75ce33403b3\COMCTL32.dll
0x00007ffa47850000 - 0x00007ffa4787b000 	C:\WINDOWS\System32\GDI32.dll
0x00007ffa46ba0000 - 0x00007ffa46ccb000 	C:\WINDOWS\System32\gdi32full.dll
0x00007ffa46970000 - 0x00007ffa46a13000 	C:\WINDOWS\System32\msvcp_win.dll
0x00007ffa3eb90000 - 0x00007ffa3eb9b000 	C:\WINDOWS\SYSTEM32\VERSION.dll
0x00007ffa478e0000 - 0x00007ffa47912000 	C:\WINDOWS\System32\IMM32.DLL
0x00007ffa40400000 - 0x00007ffa4040c000 	C:\Program Files\Java\jdk-17\bin\vcruntime140_1.dll
0x00007ffa40370000 - 0x00007ffa403fe000 	C:\Program Files\Java\jdk-17\bin\msvcp140.dll
0x00007ffa02260000 - 0x00007ffa02e3f000 	C:\Program Files\Java\jdk-17\bin\server\jvm.dll
0x00007ffa48800000 - 0x00007ffa48808000 	C:\WINDOWS\System32\PSAPI.DLL
0x00007ffa1dcd0000 - 0x00007ffa1dcda000 	C:\WINDOWS\SYSTEM32\WSOCK32.dll
0x00007ffa3ba00000 - 0x00007ffa3ba36000 	C:\WINDOWS\SYSTEM32\WINMM.dll
0x00007ffa48b00000 - 0x00007ffa48b80000 	C:\WINDOWS\System32\WS2_32.dll
0x00007ffa44e60000 - 0x00007ffa44e7b000 	C:\WINDOWS\SYSTEM32\kernel.appcore.dll
0x00007ffa40360000 - 0x00007ffa4036a000 	C:\Program Files\Java\jdk-17\bin\jimage.dll
0x00007ffa46240000 - 0x00007ffa46482000 	C:\WINDOWS\SYSTEM32\DBGHELP.DLL
0x00007ffa47f00000 - 0x00007ffa48283000 	C:\WINDOWS\System32\combase.dll
0x00007ffa47b90000 - 0x00007ffa47c69000 	C:\WINDOWS\System32\OLEAUT32.dll
0x00007ffa460c0000 - 0x00007ffa460fb000 	C:\WINDOWS\SYSTEM32\dbgcore.DLL
0x00007ffa46d90000 - 0x00007ffa46e38000 	C:\WINDOWS\System32\bcryptPrimitives.dll
0x00007ffa40330000 - 0x00007ffa40355000 	C:\Program Files\Java\jdk-17\bin\java.dll
0x00007ffa065b0000 - 0x00007ffa06687000 	C:\Program Files\Java\jdk-17\bin\jsvml.dll
0x00007ffa48bc0000 - 0x00007ffa49344000 	C:\WINDOWS\System32\SHELL32.dll
0x00007ffa43ab0000 - 0x00007ffa44330000 	C:\WINDOWS\SYSTEM32\windows.storage.dll
0x00007ffa49520000 - 0x00007ffa49616000 	C:\WINDOWS\System32\SHCORE.dll
0x00007ffa49350000 - 0x00007ffa493b7000 	C:\WINDOWS\System32\shlwapi.dll
0x00007ffa46890000 - 0x00007ffa468b9000 	C:\WINDOWS\SYSTEM32\profapi.dll
0x00007ffa40310000 - 0x00007ffa40329000 	C:\Program Files\Java\jdk-17\bin\net.dll
0x00007ffa3ff30000 - 0x00007ffa40059000 	C:\WINDOWS\SYSTEM32\WINHTTP.dll
0x00007ffa453d0000 - 0x00007ffa4543c000 	C:\WINDOWS\system32\mswsock.dll
0x00007ffa158e0000 - 0x00007ffa158f6000 	C:\Program Files\Java\jdk-17\bin\nio.dll
0x00007ffa15860000 - 0x00007ffa15878000 	C:\Program Files\Java\jdk-17\bin\zip.dll
0x0000000069ac0000 - 0x0000000069ae4000 	C:\Users\SidaouiMohamedAmine\.m2\wrapper\dists\apache-maven-3.9.5-bin\2adeog8mj13csp1uusqnc1f2mo\apache-maven-3.9.5\lib\jansi-native\Windows\x86_64\jansi.dll
0x00007ffa2e1f0000 - 0x00007ffa2e200000 	C:\Program Files\Java\jdk-17\bin\verify.dll

dbghelp: loaded successfully - version: 4.0.5 - missing functions: none
symbol engine: initialized successfully - sym options: 0x614 - pdb path: .;C:\Program Files\Java\jdk-17\bin;C:\WINDOWS\SYSTEM32;C:\WINDOWS\WinSxS\amd64_microsoft.windows.common-controls_6595b64144ccf1df_6.0.26100.8521_none_3e08b75ce33403b3;C:\Program Files\Java\jdk-17\bin\server;C:\Users\SidaouiMohamedAmine\.m2\wrapper\dists\apache-maven-3.9.5-bin\2adeog8mj13csp1uusqnc1f2mo\apache-maven-3.9.5\lib\jansi-native\Windows\x86_64

VM Arguments:
jvm_args: -Dclassworlds.conf=C:\Users\SidaouiMohamedAmine\.m2\wrapper\dists\apache-maven-3.9.5-bin\2adeog8mj13csp1uusqnc1f2mo\apache-maven-3.9.5\bin\m2.conf -Dmaven.home=C:\Users\SidaouiMohamedAmine\.m2\wrapper\dists\apache-maven-3.9.5-bin\2adeog8mj13csp1uusqnc1f2mo\apache-maven-3.9.5 -Dlibrary.jansi.path=C:\Users\SidaouiMohamedAmine\.m2\wrapper\dists\apache-maven-3.9.5-bin\2adeog8mj13csp1uusqnc1f2mo\apache-maven-3.9.5\lib\jansi-native -Dmaven.multiModuleProjectDirectory=C:\Projects\employee-managment-system-microservice-fullstack-project\backend-side\contract-service 
java_command: org.codehaus.plexus.classworlds.launcher.Launcher clean package -DskipTests
java_class_path (initial): C:\Users\SidaouiMohamedAmine\.m2\wrapper\dists\apache-maven-3.9.5-bin\2adeog8mj13csp1uusqnc1f2mo\apache-maven-3.9.5\boot\plexus-classworlds-2.7.0.jar
Launcher Type: SUN_STANDARD

[Global flags]
     intx CICompilerCount                          = 12                                        {product} {ergonomic}
     uint ConcGCThreads                            = 3                                         {product} {ergonomic}
     uint G1ConcRefinementThreads                  = 13                                        {product} {ergonomic}
   size_t G1HeapRegionSize                         = 4194304                                   {product} {ergonomic}
    uintx GCDrainStackTargetSize                   = 64                                        {product} {ergonomic}
   size_t InitialHeapSize                          = 532676608                                 {product} {ergonomic}
   size_t MarkStackSize                            = 4194304                                   {product} {ergonomic}
   size_t MaxHeapSize                              = 8493465600                                {product} {ergonomic}
   size_t MaxNewSize                               = 5096079360                                {product} {ergonomic}
   size_t MinHeapDeltaBytes                        = 4194304                                   {product} {ergonomic}
   size_t MinHeapSize                              = 8388608                                   {product} {ergonomic}
    uintx NonNMethodCodeHeapSize                   = 7602480                                {pd product} {ergonomic}
    uintx NonProfiledCodeHeapSize                  = 122027880                              {pd product} {ergonomic}
    uintx ProfiledCodeHeapSize                     = 122027880                              {pd product} {ergonomic}
    uintx ReservedCodeCacheSize                    = 251658240                              {pd product} {ergonomic}
     bool SegmentedCodeCache                       = true                                      {product} {ergonomic}
   size_t SoftMaxHeapSize                          = 8493465600                             {manageable} {ergonomic}
     bool UseCompressedClassPointers               = true                           {product lp64_product} {ergonomic}
     bool UseCompressedOops                        = true                           {product lp64_product} {ergonomic}
     bool UseG1GC                                  = true                                      {product} {ergonomic}
     bool UseLargePagesIndividualAllocation        = false                                  {pd product} {ergonomic}

Logging:
Log output configuration:
 #0: stdout all=warning uptime,level,tags
 #1: stderr all=off uptime,level,tags

Environment Variables:
JAVA_HOME=C:\Program Files\Java\jdk-17
PATH=C:\Program Files\Common Files\Oracle\Java\javapath;C:\Program Files (x86)\Common Files\Oracle\Java\javapath;C:\Windows\system32;C:\Windows;C:\Windows\System32\Wbem;C:\Windows\System32\WindowsPowerShell\v1.0\;C:\Windows\System32\OpenSSH\;C:\Program Files (x86)\NVIDIA Corporation\PhysX\Common;C:\Program Files\NVIDIA Corporation\NVIDIA NvDLISR;C:\Program Files\Java\jdk-17\bin;C:\Program Files\Git\cmd;C:\Program Files\PuTTY\;C:\Users\SidaouiMohamedAmine\.m2\wrapper\dists\apache-maven-3.9.5-bin\2adeog8mj13csp1uusqnc1f2mo\apache-maven-3.9.5\bin;C:\Program Files\nodejs;C:\Program Files\Vagrant\bin;C:\Program Files\Kubernetes\Minikube;;C:\WINDOWS\system32;C:\WINDOWS;C:\WINDOWS\System32\Wbem;C:\WINDOWS\System32\WindowsPowerShell\v1.0\;C:\WINDOWS\System32\OpenSSH\;C:\Program Files\Docker\Docker\resources\bin;C:\Program Files\nodejs\;C:\Program Files\MySQL\MySQL Shell 8.4\bin\;C:\Users\SidaouiMohamedAmine\AppData\Local\Programs\Python\Python312\Scripts\;C:\Users\SidaouiMohamedAmine\AppData\Local\Programs\Python\Python312\;C:\Users\SidaouiMohamedAmine\AppData\Local\Programs\Python\Launcher\;C:\Users\SidaouiMohamedAmine\AppData\Local\Microsoft\WindowsApps;C:\Program Files\JetBrains\IntelliJ IDEA 2023.3.2\bin;C:\Program Files\MySQL\MySQL Shell 8.4\bin;;C:\Users\SidaouiMohamedAmine\AppData\Local\Programs\Microsoft VS Code\bin;C:\Program Files\gradle-8.6\bin;C:\Program Files\liquibase;C:\Users\SidaouiMohamedAmine\AppData\Roaming\npm;
USERNAME=SidaouiMohamedAmine
OS=Windows_NT
PROCESSOR_IDENTIFIER=Intel64 Family 6 Model 154 Stepping 3, GenuineIntel



---------------  S Y S T E M  ---------------

OS:
 Windows 11 , 64 bit Build 26100 (10.0.26100.8521)
OS uptime: 0 days 0:11 hours
Hyper-V role detected

CPU: total 16 (initial active 16) (8 cores per cpu, 2 threads per core) family 6 model 154 stepping 3 microcode 0x434, cx8, cmov, fxsr, ht, mmx, 3dnowpref, sse, sse2, sse3, ssse3, sse4.1, sse4.2, popcnt, lzcnt, tsc, tscinvbit, avx, avx2, aes, erms, clmul, bmi1, bmi2, adx, sha, fma, vzeroupper, clflush, clflushopt, clwb, hv

Memory: 4k page, system-wide physical 32388M (8756M free)
TotalPageFile size 35332M (AvailPageFile size 8771M)
current process WorkingSet (physical memory assigned to process): 281M, peak: 343M
current process commit charge ("private bytes"): 332M, peak: 713M

vm_info: Java HotSpot(TM) 64-Bit Server VM (17.0.10+11-LTS-240) for windows-amd64 JRE (17.0.10+11-LTS-240), built on Dec 19 2023 21:47:25 by "mach5one" with MS VC++ 17.1 (VS2022)

END.
